This file contains any messages produced by compilers while
running configure, to aid debugging if configure makes a mistake.

It was created by uxmhf-rpi3 configure 5.0, which was
generated by GNU Autoconf 2.69.  Invocation command line was

  $ ./configure --with-core-startaddr=0x1000000 --with-core-size=0xC00000

## --------- ##
## Platform. ##
## --------- ##

hostname = matty
uname -m = x86_64
uname -r = 4.4.0-142-generic
uname -s = Linux
uname -v = #168-Ubuntu SMP Wed Jan 16 21:00:45 UTC 2019

/usr/bin/uname -p = unknown
/bin/uname -X     = unknown

/bin/arch              = unknown
/usr/bin/arch -k       = unknown
/usr/convex/getsysinfo = unknown
/usr/bin/hostinfo      = unknown
/bin/machine           = unknown
/usr/bin/oslevel       = unknown
/bin/universe          = unknown

PATH: /home/matty/bin
PATH: /home/matty/.local/bin
PATH: /usr/local/sbin
PATH: /usr/local/bin
PATH: /usr/sbin
PATH: /usr/bin
PATH: /sbin
PATH: /bin
PATH: /usr/games
PATH: /usr/local/games
PATH: /snap/bin
PATH: /home/matty/tools/arm-bcm2708/arm-rpi-4.9.3-linux-gnueabihf/bin/


## ----------- ##
## Core tests. ##
## ----------- ##

configure:1735: checking for make
configure:1762: result: make
configure:1772: checking for arm-linux-gnueabihf-gcc
configure:1799: result: arm-linux-gnueabihf-gcc
configure:1809: checking for arm-linux-gnueabihf-gcc
configure:1836: result: arm-linux-gnueabihf-gcc
configure:1846: checking for arm-linux-gnueabihf-as
configure:1873: result: arm-linux-gnueabihf-as
configure:1883: checking for arm-linux-gnueabihf-ar
configure:1910: result: arm-linux-gnueabihf-ar
configure:1920: checking for rm
configure:1947: result: rm -f
configure:1957: checking for cp
configure:1984: result: cp																				
configure:1994: checking for mkdir
configure:2021: result: mkdir
configure:2031: checking for arm-linux-gnueabihf-ld
configure:2058: result: arm-linux-gnueabihf-ld
configure:2068: checking for arm-linux-gnueabihf-objcopy
configure:2095: result: arm-linux-gnueabihf-objcopy
configure:2105: checking for cat
configure:2132: result: cat
configure:2409: creating ./config.status

## ---------------------- ##
## Running config.status. ##
## ---------------------- ##

This file was extended by uxmhf-rpi3 config.status 5.0, which was
generated by GNU Autoconf 2.69.  Invocation command line was

  CONFIG_FILES    = 
  CONFIG_HEADERS  = 
  CONFIG_LINKS    = 
  CONFIG_COMMANDS = 
  $ ./config.status 

on matty

config.status:734: creating ./include/config.h
config.status:734: creating Makefile

## ---------------- ##
## Cache variables. ##
## ---------------- ##

ac_cv_env_build_alias_set=
ac_cv_env_build_alias_value=
ac_cv_env_host_alias_set=
ac_cv_env_host_alias_value=
ac_cv_env_target_alias_set=
ac_cv_env_target_alias_value=
ac_cv_prog_AR=arm-linux-gnueabihf-ar
ac_cv_prog_AS=arm-linux-gnueabihf-as
ac_cv_prog_CAT=cat
ac_cv_prog_CC=arm-linux-gnueabihf-gcc
ac_cv_prog_CCERT=arm-linux-gnueabihf-gcc
ac_cv_prog_CP='cp																				'
ac_cv_prog_LD=arm-linux-gnueabihf-ld
ac_cv_prog_MAKE=make
ac_cv_prog_MKDIR=mkdir
ac_cv_prog_OBJCOPY=arm-linux-gnueabihf-objcopy
ac_cv_prog_RM='rm -f'

## ----------------- ##
## Output variables. ##
## ----------------- ##

AR='arm-linux-gnueabihf-ar'
AS='arm-linux-gnueabihf-as'
BOOT_PARTITION_END='137215'
BOOT_PARTITION_START='8192'
CAT='cat'
CC='arm-linux-gnueabihf-gcc'
CCERT='arm-linux-gnueabihf-gcc'
CORE_SIZE='0xC00000'
CORE_STARTADDR='0x1000000'
CP='cp																				'
DEFS='-DPACKAGE_NAME=\"uxmhf-rpi3\" -DPACKAGE_TARNAME=\"uxmhf-rpi3\" -DPACKAGE_VERSION=\"5.0\" -DPACKAGE_STRING=\"uxmhf-rpi3\ 5.0\" -DPACKAGE_BUGREPORT=\"\" -DPACKAGE_URL=\"\"'
DMAPROT='n'
ECHO_C=''
ECHO_N='-n'
ECHO_T=''
FIQREFLECTION='n'
INTPROT='n'
LD='arm-linux-gnueabihf-ld'
LIBOBJS=''
LIBS='/home/matty/matt/uberxmhf/uxmhf-rpi3/libs/libutpm/libutpm.a /home/matty/matt/uberxmhf/uxmhf-rpi3/libs/libxmhfcrypto/libxmhfcrypto.a /home/matty/matt/uberxmhf/uxmhf-rpi3/libs/libxmhfc/libxmhfc.a'
LTLIBOBJS=''
MAKE='make'
MKDIR='mkdir'
OBJCOPY='arm-linux-gnueabihf-objcopy'
PACKAGE_BUGREPORT=''
PACKAGE_NAME='uxmhf-rpi3'
PACKAGE_STRING='uxmhf-rpi3 5.0'
PACKAGE_TARNAME='uxmhf-rpi3'
PACKAGE_URL=''
PACKAGE_VERSION='5.0'
PATH_SEPARATOR=':'
RM='rm -f'
SECBOOT='n'
SHELL='/bin/bash'
bindir='${exec_prefix}/bin'
build_alias=''
datadir='${datarootdir}'
datarootdir='${prefix}/share'
docdir='${datarootdir}/doc/${PACKAGE_TARNAME}'
dvidir='${docdir}'
exec_prefix='${prefix}'
host_alias=''
htmldir='${docdir}'
includedir='${prefix}/include'
infodir='${datarootdir}/info'
libdir='${exec_prefix}/lib'
libexecdir='${exec_prefix}/libexec'
localedir='${datarootdir}/locale'
localstatedir='${prefix}/var'
mandir='${datarootdir}/man'
oldincludedir='/usr/include'
pdfdir='${docdir}'
prefix='/usr/local'
program_transform_name='s,x,x,'
psdir='${docdir}'
runstatedir='${localstatedir}/run'
sbindir='${exec_prefix}/sbin'
sharedstatedir='${prefix}/com'
sysconfdir='${prefix}/etc'
target_alias=''

## ----------- ##
## confdefs.h. ##
## ----------- ##

/* confdefs.h */
#define PACKAGE_NAME "uxmhf-rpi3"
#define PACKAGE_TARNAME "uxmhf-rpi3"
#define PACKAGE_VERSION "5.0"
#define PACKAGE_STRING "uxmhf-rpi3 5.0"
#define PACKAGE_BUGREPORT ""
#define PACKAGE_URL ""

configure: exit 0
